The Night Of;the-night-of
Frontier;frontier
Westworld;westworld
Empire;empire-2015
The Walking Dead;the-walking-dead
Van Helsing;van-helsing
Chicago PD;chicago-pd
Chicago Fire;chicago-fire
Chicago Med;chicago-med
Impastor;impastor
The Exorcist;the-exorcist
The Fall;the-fall
The Flash;the-flash-2014
The Blacklist;blacklist
Lucifer;lucifer
Outcast;outcast
The Vampire Diaries;the-vampire-diaries
Lethal Weapon;lethal-weapon
Gotham;gotham
Travelers;travelers
Legends of Tomorrow;legends-of-tomorrow
The Expanse;the-expanse
Colony;colony
Bosch;bosch
Berlin Station;berlin-station
Shooter;shooter
Chance;chance
Vikings;vikings
The Night Manager;the-night-manager
Incorporated;incorporated