10:10:17,403 DEBUG [RegraNaoSequencial] 0.0
10:10:17,405 DEBUG [RegraParesImpares] RegraParesImpares: 0.0
10:10:18,141 DEBUG [RegraDezenasAnteriores] QN Concurso [3813]
10:10:18,145 DEBUG [RegraDezenasAnteriores] QN Concurso [3812]
10:10:18,148 DEBUG [RegraDezenasAnteriores] QN Concurso [3811]
10:10:18,152 DEBUG [RegraDezenasAnteriores] Dezenas sorteadas nos 3 ultimos concursos: [[1, 2, 4, 11, 16, 28, 30, 32, 35, 43, 64, 65, 71, 73, 80]]
10:10:18,152 DEBUG [RegraDezenasAnteriores] 100.0
10:10:18,152 DEBUG [RegraNaoSequencial] 100.0
10:10:18,153 DEBUG [RegraNaoSequencial] 100.0
10:10:18,153 DEBUG [RegraNaoSequencial] 0.0
10:10:18,154 DEBUG [RegraParesImpares] RegraParesImpares: 0.0
10:10:18,158 DEBUG [RegraDezenasAnteriores] QN Concurso [3813]
10:10:18,162 DEBUG [RegraDezenasAnteriores] QN Concurso [3812]
10:10:18,166 DEBUG [RegraDezenasAnteriores] QN Concurso [3811]
10:10:18,170 DEBUG [RegraDezenasAnteriores] Dezenas sorteadas nos 3 ultimos concursos: [[1, 2, 4, 11, 16, 28, 30, 32, 35, 43, 64, 65, 71, 73, 80]]
10:10:18,170 DEBUG [RegraDezenasAnteriores] 100.0
10:10:18,171 DEBUG [RegraNaoSequencial] 0.0
10:10:18,171 DEBUG [RegraParesImpares] RegraParesImpares: 0.0
10:10:18,176 DEBUG [RegraDezenasAnteriores] QN Concurso [3813]
10:10:18,180 DEBUG [RegraDezenasAnteriores] QN Concurso [3812]
10:10:18,184 DEBUG [RegraDezenasAnteriores] QN Concurso [3811]
10:10:18,189 DEBUG [RegraDezenasAnteriores] Dezenas sorteadas nos 3 ultimos concursos: [[1, 2, 4, 11, 16, 28, 30, 32, 35, 43, 64, 65, 71, 73, 80]]
10:10:18,189 DEBUG [RegraDezenasAnteriores] 100.0
10:10:18,190 DEBUG [RegraNaoSequencial] 0.0
10:10:18,190 DEBUG [RegraParesImpares] RegraParesImpares: 0.0
10:10:18,194 DEBUG [RegraDezenasAnteriores] QN Concurso [3813]
10:10:18,199 DEBUG [RegraDezenasAnteriores] QN Concurso [3812]
10:10:18,204 DEBUG [RegraDezenasAnteriores] QN Concurso [3811]
10:10:18,207 DEBUG [RegraDezenasAnteriores] Dezenas sorteadas nos 3 ultimos concursos: [[1, 2, 4, 11, 16, 28, 30, 32, 35, 43, 64, 65, 71, 73, 80]]
10:10:18,207 DEBUG [RegraDezenasAnteriores] 100.0
10:10:18,208 DEBUG [RegraNaoSequencial] 100.0
10:10:18,208 DEBUG [RegraNaoSequencial] 0.0
10:10:18,208 DEBUG [RegraParesImpares] RegraParesImpares: 0.0
10:10:18,212 DEBUG [RegraDezenasAnteriores] QN Concurso [3813]
10:10:18,216 DEBUG [RegraDezenasAnteriores] QN Concurso [3812]
10:10:18,220 DEBUG [RegraDezenasAnteriores] QN Concurso [3811]
10:10:18,224 DEBUG [RegraDezenasAnteriores] Dezenas sorteadas nos 3 ultimos concursos: [[1, 2, 4, 11, 16, 28, 30, 32, 35, 43, 64, 65, 71, 73, 80]]
10:10:18,224 DEBUG [RegraDezenasAnteriores] 100.0
10:10:18,224 DEBUG [RegraNaoSequencial] 100.0
10:10:18,225 DEBUG [RegraNaoSequencial] 0.0
10:10:18,225 DEBUG [RegraParesImpares] RegraParesImpares: 0.0
10:10:18,229 DEBUG [RegraDezenasAnteriores] QN Concurso [3813]
10:10:18,233 DEBUG [RegraDezenasAnteriores] QN Concurso [3812]
10:10:18,237 DEBUG [RegraDezenasAnteriores] QN Concurso [3811]
10:10:18,241 DEBUG [RegraDezenasAnteriores] Dezenas sorteadas nos 3 ultimos concursos: [[1, 2, 4, 11, 16, 28, 30, 32, 35, 43, 64, 65, 71, 73, 80]]
10:10:18,241 DEBUG [RegraDezenasAnteriores] 100.0
10:10:18,241 DEBUG [RegraNaoSequencial] 0.0
10:10:18,242 DEBUG [RegraParesImpares] RegraParesImpares: 0.0
10:10:18,246 DEBUG [RegraDezenasAnteriores] QN Concurso [3813]
10:10:18,250 DEBUG [RegraDezenasAnteriores] QN Concurso [3812]
10:10:18,254 DEBUG [RegraDezenasAnteriores] QN Concurso [3811]
10:10:18,258 DEBUG [RegraDezenasAnteriores] Dezenas sorteadas nos 3 ultimos concursos: [[1, 2, 4, 11, 16, 28, 30, 32, 35, 43, 64, 65, 71, 73, 80]]
10:10:18,258 DEBUG [RegraDezenasAnteriores] 100.0
10:10:18,259 DEBUG [RegraNaoSequencial] 0.0
10:10:18,260 DEBUG [RegraParesImpares] RegraParesImpares: 0.0
10:10:18,263 DEBUG [RegraDezenasAnteriores] QN Concurso [3813]
10:10:18,267 DEBUG [RegraDezenasAnteriores] QN Concurso [3812]
10:10:18,270 DEBUG [RegraDezenasAnteriores] QN Concurso [3811]
10:10:18,272 DEBUG [RegraDezenasAnteriores] Dezenas sorteadas nos 3 ultimos concursos: [[1, 2, 4, 11, 16, 28, 30, 32, 35, 43, 64, 65, 71, 73, 80]]
10:10:18,272 DEBUG [RegraDezenasAnteriores] 100.0
10:10:18,273 DEBUG [RegraNaoSequencial] 100.0
10:10:18,273 DEBUG [RegraNaoSequencial] 100.0
10:10:18,274 DEBUG [RegraNaoSequencial] 100.0
10:10:18,275 DEBUG [RegraNaoSequencial] 100.0
10:10:18,275 DEBUG [RegraNaoSequencial] 100.0
10:10:18,276 DEBUG [RegraNaoSequencial] 100.0
10:10:18,276 DEBUG [RegraNaoSequencial] 100.0
10:10:18,277 DEBUG [RegraNaoSequencial] 100.0
10:10:18,278 DEBUG [RegraNaoSequencial] 100.0
10:10:18,278 DEBUG [RegraNaoSequencial] 100.0
10:10:18,279 DEBUG [RegraNaoSequencial] 100.0
10:10:18,279 DEBUG [RegraNaoSequencial] 100.0
10:10:18,280 DEBUG [RegraNaoSequencial] 100.0
10:10:18,280 DEBUG [RegraNaoSequencial] 0.0
10:10:18,281 DEBUG [RegraParesImpares] RegraParesImpares: 0.0
10:10:18,286 DEBUG [RegraDezenasAnteriores] QN Concurso [3813]
10:10:18,289 DEBUG [RegraDezenasAnteriores] QN Concurso [3812]
10:10:18,292 DEBUG [RegraDezenasAnteriores] QN Concurso [3811]
10:10:18,296 DEBUG [RegraDezenasAnteriores] Dezenas sorteadas nos 3 ultimos concursos: [[1, 2, 4, 11, 16, 28, 30, 32, 35, 43, 64, 65, 71, 73, 80]]
10:10:18,296 DEBUG [RegraDezenasAnteriores] 100.0
10:10:18,296 DEBUG [RegraNaoSequencial] 0.0
10:10:18,296 DEBUG [RegraParesImpares] RegraParesImpares: 0.0
10:10:18,300 DEBUG [RegraDezenasAnteriores] QN Concurso [3813]
10:10:18,303 DEBUG [RegraDezenasAnteriores] QN Concurso [3812]
10:10:18,306 DEBUG [RegraDezenasAnteriores] QN Concurso [3811]
10:10:18,310 DEBUG [RegraDezenasAnteriores] Dezenas sorteadas nos 3 ultimos concursos: [[1, 2, 4, 11, 16, 28, 30, 32, 35, 43, 64, 65, 71, 73, 80]]
10:10:18,310 DEBUG [RegraDezenasAnteriores] 100.0
10:10:18,310 DEBUG [RegraNaoSequencial] 100.0
10:10:18,311 DEBUG [RegraNaoSequencial] 100.0
10:10:18,311 DEBUG [RegraNaoSequencial] 100.0
10:10:18,311 DEBUG [RegraNaoSequencial] 100.0
10:10:18,312 DEBUG [RegraNaoSequencial] 0.0
10:10:18,312 DEBUG [RegraParesImpares] RegraParesImpares: 0.0
10:10:18,320 DEBUG [RegraDezenasAnteriores] QN Concurso [3813]
10:10:18,324 DEBUG [RegraDezenasAnteriores] QN Concurso [3812]
10:10:18,328 DEBUG [RegraDezenasAnteriores] QN Concurso [3811]
10:10:18,331 DEBUG [RegraDezenasAnteriores] Dezenas sorteadas nos 3 ultimos concursos: [[1, 2, 4, 11, 16, 28, 30, 32, 35, 43, 64, 65, 71, 73, 80]]
10:10:18,331 DEBUG [RegraDezenasAnteriores] 0.0
